2021-01-29 04:19:58  INFO [main] org.springframework.cloud.config.client.ConfigServicePropertySourceLocator [getRemoteEnvironment] - Fetching config from server at : http://localhost:8888
2021-01-29 04:20:02  INFO [main] org.springframework.cloud.config.client.ConfigServicePropertySourceLocator [getRemoteEnvironment] - Connect Timeout Exception on Url - http://localhost:8888. Will be trying the next url if available
2021-01-29 04:20:02  WARN [main] org.springframework.cloud.config.client.ConfigServicePropertySourceLocator [locate] - Could not locate PropertySource: I/O error on GET request for "http://localhost:8888/InfyGoPaymentMS/default": Connection refused: connect; nested exception is java.net.ConnectException: Connection refused: connect
2021-01-29 04:20:02  INFO [main] com.infosys.irs.InfyGoBootPaymentApplication [logStartupProfileInfo] - No active profile set, falling back to default profiles: default
2021-01-29 04:20:02 ERROR [main] org.springframework.boot.SpringApplication [reportFailure] - Application run failed
java.lang.AbstractMethodError: null
	at org.springframework.core.OrderComparator.findOrder(OrderComparator.java:142) ~[spring-core-5.0.5.RELEASE.jar:5.0.5.RELEASE]
	at org.springframework.core.annotation.AnnotationAwareOrderComparator.findOrder(AnnotationAwareOrderComparator.java:65) ~[spring-core-5.0.5.RELEASE.jar:5.0.5.RELEASE]
	at org.springframework.core.OrderComparator.getOrder(OrderComparator.java:125) ~[spring-core-5.0.5.RELEASE.jar:5.0.5.RELEASE]
	at org.springframework.core.OrderComparator.getOrder(OrderComparator.java:113) ~[spring-core-5.0.5.RELEASE.jar:5.0.5.RELEASE]
	at org.springframework.core.OrderComparator.doCompare(OrderComparator.java:82) ~[spring-core-5.0.5.RELEASE.jar:5.0.5.RELEASE]
	at org.springframework.core.OrderComparator.compare(OrderComparator.java:68) ~[spring-core-5.0.5.RELEASE.jar:5.0.5.RELEASE]
	at java.util.TimSort.countRunAndMakeAscending(Unknown Source) ~[na:1.8.0_241]
	at java.util.TimSort.sort(Unknown Source) ~[na:1.8.0_241]
	at java.util.Arrays.sort(Unknown Source) ~[na:1.8.0_241]
	at java.util.ArrayList.sort(Unknown Source) ~[na:1.8.0_241]
	at org.springframework.boot.SpringApplication.asUnmodifiableOrderedSet(SpringApplication.java:1322) [spring-boot-2.0.1.RELEASE.jar:2.0.1.RELEASE]
	at org.springframework.boot.SpringApplication.getListeners(SpringApplication.java:1231) [spring-boot-2.0.1.RELEASE.jar:2.0.1.RELEASE]
	at org.springframework.boot.context.event.EventPublishingRunListener.contextLoaded(EventPublishingRunListener.java:85) ~[spring-boot-2.0.1.RELEASE.jar:2.0.1.RELEASE]
	at org.springframework.boot.SpringApplicationRunListeners.contextLoaded(SpringApplicationRunListeners.java:66) ~[spring-boot-2.0.1.RELEASE.jar:2.0.1.RELEASE]
	at org.springframework.boot.SpringApplication.prepareContext(SpringApplication.java:391) [spring-boot-2.0.1.RELEASE.jar:2.0.1.RELEASE]
	at org.springframework.boot.SpringApplication.run(SpringApplication.java:325) [spring-boot-2.0.1.RELEASE.jar:2.0.1.RELEASE]
	at org.springframework.boot.SpringApplication.run(SpringApplication.java:1255) [spring-boot-2.0.1.RELEASE.jar:2.0.1.RELEASE]
	at org.springframework.boot.SpringApplication.run(SpringApplication.java:1243) [spring-boot-2.0.1.RELEASE.jar:2.0.1.RELEASE]
	at com.infosys.irs.InfyGoBootPaymentApplication.main(InfyGoBootPaymentApplication.java:14) [classes/:na]
