2021-01-29 04:18:52  INFO [main] org.springframework.cloud.config.client.ConfigServicePropertySourceLocator [getRemoteEnvironment] - Fetching config from server at : http://localhost:8888
2021-01-29 04:18:56  INFO [main] org.springframework.cloud.config.client.ConfigServicePropertySourceLocator [getRemoteEnvironment] - Connect Timeout Exception on Url - http://localhost:8888. Will be trying the next url if available
2021-01-29 04:18:56  WARN [main] org.springframework.cloud.config.client.ConfigServicePropertySourceLocator [locate] - Could not locate PropertySource: I/O error on GET request for "http://localhost:8888/InfyGoBookingMS/default": Connection refused: connect; nested exception is java.net.ConnectException: Connection refused: connect
2021-01-29 04:18:56  INFO [main] com.infosys.irs.InfyGoBootBookingMSApplication [logStartupProfileInfo] - No active profile set, falling back to default profiles: default
2021-01-29 04:18:56 ERROR [main] org.springframework.boot.SpringApplication [reportFailure] - Application run failed
java.lang.AbstractMethodError: null
	at org.springframework.core.OrderComparator.findOrder(OrderComparator.java:142) ~[spring-core-5.0.5.RELEASE.jar:5.0.5.RELEASE]
	at org.springframework.core.annotation.AnnotationAwareOrderComparator.findOrder(AnnotationAwareOrderComparator.java:65) ~[spring-core-5.0.5.RELEASE.jar:5.0.5.RELEASE]
	at org.springframework.core.OrderComparator.getOrder(OrderComparator.java:125) ~[spring-core-5.0.5.RELEASE.jar:5.0.5.RELEASE]
	at org.springframework.core.OrderComparator.getOrder(OrderComparator.java:113) ~[spring-core-5.0.5.RELEASE.jar:5.0.5.RELEASE]
	at org.springframework.core.OrderComparator.doCompare(OrderComparator.java:82) ~[spring-core-5.0.5.RELEASE.jar:5.0.5.RELEASE]
	at org.springframework.core.OrderComparator.compare(OrderComparator.java:68) ~[spring-core-5.0.5.RELEASE.jar:5.0.5.RELEASE]
	at java.util.TimSort.countRunAndMakeAscending(Unknown Source) ~[na:1.8.0_241]
	at java.util.TimSort.sort(Unknown Source) ~[na:1.8.0_241]
	at java.util.Arrays.sort(Unknown Source) ~[na:1.8.0_241]
	at java.util.ArrayList.sort(Unknown Source) ~[na:1.8.0_241]
	at org.springframework.boot.SpringApplication.asUnmodifiableOrderedSet(SpringApplication.java:1322) [spring-boot-2.0.1.RELEASE.jar:2.0.1.RELEASE]
	at org.springframework.boot.SpringApplication.getListeners(SpringApplication.java:1231) [spring-boot-2.0.1.RELEASE.jar:2.0.1.RELEASE]
	at org.springframework.boot.context.event.EventPublishingRunListener.contextLoaded(EventPublishingRunListener.java:85) ~[spring-boot-2.0.1.RELEASE.jar:2.0.1.RELEASE]
	at org.springframework.boot.SpringApplicationRunListeners.contextLoaded(SpringApplicationRunListeners.java:66) ~[spring-boot-2.0.1.RELEASE.jar:2.0.1.RELEASE]
	at org.springframework.boot.SpringApplication.prepareContext(SpringApplication.java:391) [spring-boot-2.0.1.RELEASE.jar:2.0.1.RELEASE]
	at org.springframework.boot.SpringApplication.run(SpringApplication.java:325) [spring-boot-2.0.1.RELEASE.jar:2.0.1.RELEASE]
	at org.springframework.boot.SpringApplication.run(SpringApplication.java:1255) [spring-boot-2.0.1.RELEASE.jar:2.0.1.RELEASE]
	at org.springframework.boot.SpringApplication.run(SpringApplication.java:1243) [spring-boot-2.0.1.RELEASE.jar:2.0.1.RELEASE]
	at com.infosys.irs.InfyGoBootBookingMSApplication.main(InfyGoBootBookingMSApplication.java:14) [classes/:na]
2021-01-29 04:33:22  INFO [main] org.springframework.cloud.config.client.ConfigServicePropertySourceLocator [getRemoteEnvironment] - Fetching config from server at : http://localhost/1111
2021-01-29 04:33:25  INFO [main] org.springframework.cloud.config.client.ConfigServicePropertySourceLocator [getRemoteEnvironment] - Connect Timeout Exception on Url - http://localhost/1111. Will be trying the next url if available
2021-01-29 04:33:25  WARN [main] org.springframework.cloud.config.client.ConfigServicePropertySourceLocator [locate] - Could not locate PropertySource: I/O error on GET request for "http://localhost/1111/InfyGoBookingMS/default": Connection refused: connect; nested exception is java.net.ConnectException: Connection refused: connect
2021-01-29 04:33:25  INFO [main] com.infosys.irs.InfyGoBootBookingMSApplication [logStartupProfileInfo] - No active profile set, falling back to default profiles: default
2021-01-29 04:33:25 ERROR [main] org.springframework.boot.SpringApplication [reportFailure] - Application run failed
java.lang.AbstractMethodError: null
	at org.springframework.core.OrderComparator.findOrder(OrderComparator.java:142) ~[spring-core-5.0.5.RELEASE.jar:5.0.5.RELEASE]
	at org.springframework.core.annotation.AnnotationAwareOrderComparator.findOrder(AnnotationAwareOrderComparator.java:65) ~[spring-core-5.0.5.RELEASE.jar:5.0.5.RELEASE]
	at org.springframework.core.OrderComparator.getOrder(OrderComparator.java:125) ~[spring-core-5.0.5.RELEASE.jar:5.0.5.RELEASE]
	at org.springframework.core.OrderComparator.getOrder(OrderComparator.java:113) ~[spring-core-5.0.5.RELEASE.jar:5.0.5.RELEASE]
	at org.springframework.core.OrderComparator.doCompare(OrderComparator.java:82) ~[spring-core-5.0.5.RELEASE.jar:5.0.5.RELEASE]
	at org.springframework.core.OrderComparator.compare(OrderComparator.java:68) ~[spring-core-5.0.5.RELEASE.jar:5.0.5.RELEASE]
	at java.util.TimSort.countRunAndMakeAscending(Unknown Source) ~[na:1.8.0_241]
	at java.util.TimSort.sort(Unknown Source) ~[na:1.8.0_241]
	at java.util.Arrays.sort(Unknown Source) ~[na:1.8.0_241]
	at java.util.ArrayList.sort(Unknown Source) ~[na:1.8.0_241]
	at org.springframework.boot.SpringApplication.asUnmodifiableOrderedSet(SpringApplication.java:1322) [spring-boot-2.0.1.RELEASE.jar:2.0.1.RELEASE]
	at org.springframework.boot.SpringApplication.getListeners(SpringApplication.java:1231) [spring-boot-2.0.1.RELEASE.jar:2.0.1.RELEASE]
	at org.springframework.boot.context.event.EventPublishingRunListener.contextLoaded(EventPublishingRunListener.java:85) ~[spring-boot-2.0.1.RELEASE.jar:2.0.1.RELEASE]
	at org.springframework.boot.SpringApplicationRunListeners.contextLoaded(SpringApplicationRunListeners.java:66) ~[spring-boot-2.0.1.RELEASE.jar:2.0.1.RELEASE]
	at org.springframework.boot.SpringApplication.prepareContext(SpringApplication.java:391) [spring-boot-2.0.1.RELEASE.jar:2.0.1.RELEASE]
	at org.springframework.boot.SpringApplication.run(SpringApplication.java:325) [spring-boot-2.0.1.RELEASE.jar:2.0.1.RELEASE]
	at org.springframework.boot.SpringApplication.run(SpringApplication.java:1255) [spring-boot-2.0.1.RELEASE.jar:2.0.1.RELEASE]
	at org.springframework.boot.SpringApplication.run(SpringApplication.java:1243) [spring-boot-2.0.1.RELEASE.jar:2.0.1.RELEASE]
	at com.infosys.irs.InfyGoBootBookingMSApplication.main(InfyGoBootBookingMSApplication.java:14) [classes/:na]
2021-01-29 04:34:34  INFO [main] org.springframework.cloud.config.client.ConfigServicePropertySourceLocator [getRemoteEnvironment] - Fetching config from server at : http://localhost/1111/InfyGoBookingMS
2021-01-29 04:34:37  INFO [main] org.springframework.cloud.config.client.ConfigServicePropertySourceLocator [getRemoteEnvironment] - Connect Timeout Exception on Url - http://localhost/1111/InfyGoBookingMS. Will be trying the next url if available
2021-01-29 04:34:37  WARN [main] org.springframework.cloud.config.client.ConfigServicePropertySourceLocator [locate] - Could not locate PropertySource: I/O error on GET request for "http://localhost/1111/InfyGoBookingMS/InfyGoBookingMS/default": Connection refused: connect; nested exception is java.net.ConnectException: Connection refused: connect
2021-01-29 04:34:37  INFO [main] com.infosys.irs.InfyGoBootBookingMSApplication [logStartupProfileInfo] - No active profile set, falling back to default profiles: default
2021-01-29 04:34:37 ERROR [main] org.springframework.boot.SpringApplication [reportFailure] - Application run failed
java.lang.AbstractMethodError: null
	at org.springframework.core.OrderComparator.findOrder(OrderComparator.java:142) ~[spring-core-5.0.5.RELEASE.jar:5.0.5.RELEASE]
	at org.springframework.core.annotation.AnnotationAwareOrderComparator.findOrder(AnnotationAwareOrderComparator.java:65) ~[spring-core-5.0.5.RELEASE.jar:5.0.5.RELEASE]
	at org.springframework.core.OrderComparator.getOrder(OrderComparator.java:125) ~[spring-core-5.0.5.RELEASE.jar:5.0.5.RELEASE]
	at org.springframework.core.OrderComparator.getOrder(OrderComparator.java:113) ~[spring-core-5.0.5.RELEASE.jar:5.0.5.RELEASE]
	at org.springframework.core.OrderComparator.doCompare(OrderComparator.java:82) ~[spring-core-5.0.5.RELEASE.jar:5.0.5.RELEASE]
	at org.springframework.core.OrderComparator.compare(OrderComparator.java:68) ~[spring-core-5.0.5.RELEASE.jar:5.0.5.RELEASE]
	at java.util.TimSort.countRunAndMakeAscending(Unknown Source) ~[na:1.8.0_241]
	at java.util.TimSort.sort(Unknown Source) ~[na:1.8.0_241]
	at java.util.Arrays.sort(Unknown Source) ~[na:1.8.0_241]
	at java.util.ArrayList.sort(Unknown Source) ~[na:1.8.0_241]
	at org.springframework.boot.SpringApplication.asUnmodifiableOrderedSet(SpringApplication.java:1322) [spring-boot-2.0.1.RELEASE.jar:2.0.1.RELEASE]
	at org.springframework.boot.SpringApplication.getListeners(SpringApplication.java:1231) [spring-boot-2.0.1.RELEASE.jar:2.0.1.RELEASE]
	at org.springframework.boot.context.event.EventPublishingRunListener.contextLoaded(EventPublishingRunListener.java:85) ~[spring-boot-2.0.1.RELEASE.jar:2.0.1.RELEASE]
	at org.springframework.boot.SpringApplicationRunListeners.contextLoaded(SpringApplicationRunListeners.java:66) ~[spring-boot-2.0.1.RELEASE.jar:2.0.1.RELEASE]
	at org.springframework.boot.SpringApplication.prepareContext(SpringApplication.java:391) [spring-boot-2.0.1.RELEASE.jar:2.0.1.RELEASE]
	at org.springframework.boot.SpringApplication.run(SpringApplication.java:325) [spring-boot-2.0.1.RELEASE.jar:2.0.1.RELEASE]
	at org.springframework.boot.SpringApplication.run(SpringApplication.java:1255) [spring-boot-2.0.1.RELEASE.jar:2.0.1.RELEASE]
	at org.springframework.boot.SpringApplication.run(SpringApplication.java:1243) [spring-boot-2.0.1.RELEASE.jar:2.0.1.RELEASE]
	at com.infosys.irs.InfyGoBootBookingMSApplication.main(InfyGoBootBookingMSApplication.java:14) [classes/:na]
2021-01-29 04:49:49  INFO [main] org.springframework.cloud.config.client.ConfigServicePropertySourceLocator [getRemoteEnvironment] - Fetching config from server at : http://localhost/1111
2021-01-29 04:49:52  INFO [main] org.springframework.cloud.config.client.ConfigServicePropertySourceLocator [getRemoteEnvironment] - Connect Timeout Exception on Url - http://localhost/1111. Will be trying the next url if available
2021-01-29 04:49:52  WARN [main] org.springframework.cloud.config.client.ConfigServicePropertySourceLocator [locate] - Could not locate PropertySource: I/O error on GET request for "http://localhost/1111/InfyGoBookingMS/default": Connection refused: connect; nested exception is java.net.ConnectException: Connection refused: connect
2021-01-29 04:49:52  INFO [main] com.infosys.irs.InfyGoBootBookingMSApplication [logStartupProfileInfo] - No active profile set, falling back to default profiles: default
2021-01-29 04:49:52 ERROR [main] org.springframework.boot.SpringApplication [reportFailure] - Application run failed
java.lang.AbstractMethodError: null
	at org.springframework.core.OrderComparator.findOrder(OrderComparator.java:142) ~[spring-core-5.0.5.RELEASE.jar:5.0.5.RELEASE]
	at org.springframework.core.annotation.AnnotationAwareOrderComparator.findOrder(AnnotationAwareOrderComparator.java:65) ~[spring-core-5.0.5.RELEASE.jar:5.0.5.RELEASE]
	at org.springframework.core.OrderComparator.getOrder(OrderComparator.java:125) ~[spring-core-5.0.5.RELEASE.jar:5.0.5.RELEASE]
	at org.springframework.core.OrderComparator.getOrder(OrderComparator.java:113) ~[spring-core-5.0.5.RELEASE.jar:5.0.5.RELEASE]
	at org.springframework.core.OrderComparator.doCompare(OrderComparator.java:82) ~[spring-core-5.0.5.RELEASE.jar:5.0.5.RELEASE]
	at org.springframework.core.OrderComparator.compare(OrderComparator.java:68) ~[spring-core-5.0.5.RELEASE.jar:5.0.5.RELEASE]
	at java.util.TimSort.countRunAndMakeAscending(Unknown Source) ~[na:1.8.0_241]
	at java.util.TimSort.sort(Unknown Source) ~[na:1.8.0_241]
	at java.util.Arrays.sort(Unknown Source) ~[na:1.8.0_241]
	at java.util.ArrayList.sort(Unknown Source) ~[na:1.8.0_241]
	at org.springframework.boot.SpringApplication.asUnmodifiableOrderedSet(SpringApplication.java:1322) [spring-boot-2.0.1.RELEASE.jar:2.0.1.RELEASE]
	at org.springframework.boot.SpringApplication.getListeners(SpringApplication.java:1231) [spring-boot-2.0.1.RELEASE.jar:2.0.1.RELEASE]
	at org.springframework.boot.context.event.EventPublishingRunListener.contextLoaded(EventPublishingRunListener.java:85) ~[spring-boot-2.0.1.RELEASE.jar:2.0.1.RELEASE]
	at org.springframework.boot.SpringApplicationRunListeners.contextLoaded(SpringApplicationRunListeners.java:66) ~[spring-boot-2.0.1.RELEASE.jar:2.0.1.RELEASE]
	at org.springframework.boot.SpringApplication.prepareContext(SpringApplication.java:391) [spring-boot-2.0.1.RELEASE.jar:2.0.1.RELEASE]
	at org.springframework.boot.SpringApplication.run(SpringApplication.java:325) [spring-boot-2.0.1.RELEASE.jar:2.0.1.RELEASE]
	at org.springframework.boot.SpringApplication.run(SpringApplication.java:1255) [spring-boot-2.0.1.RELEASE.jar:2.0.1.RELEASE]
	at org.springframework.boot.SpringApplication.run(SpringApplication.java:1243) [spring-boot-2.0.1.RELEASE.jar:2.0.1.RELEASE]
	at com.infosys.irs.InfyGoBootBookingMSApplication.main(InfyGoBootBookingMSApplication.java:14) [classes/:na]
2021-01-29 04:52:45  INFO [main] org.springframework.cloud.config.client.ConfigServicePropertySourceLocator [getRemoteEnvironment] - Fetching config from server at : http://localhost:1111
2021-01-29 04:52:46  INFO [main] org.springframework.cloud.config.client.ConfigServicePropertySourceLocator [log] - Located environment: name=InfyGoBookingMS, profiles=[default], label=null, version=2c1ca539d045a33ccf0c9ab5d2ea7db1ac0c01be, state=null
2021-01-29 04:52:46  INFO [main] org.springframework.cloud.bootstrap.config.PropertySourceBootstrapConfiguration [initialize] - Located property source: CompositePropertySource {name='configService', propertySources=[MapPropertySource {name='configClient'}, MapPropertySource {name='https://github.com/AnnamalaiSathappan/config-server/file:C:\Users\ANNAMA~1\AppData\Local\Temp\config-repo-706836264609827820\InfyGoBookingMS.yml'}, MapPropertySource {name='https://github.com/AnnamalaiSathappan/config-server/file:C:\Users\ANNAMA~1\AppData\Local\Temp\config-repo-706836264609827820\application.yml'}]}
2021-01-29 04:52:46  INFO [main] com.infosys.irs.InfyGoBootBookingMSApplication [logStartupProfileInfo] - No active profile set, falling back to default profiles: default
2021-01-29 04:52:46 ERROR [main] org.springframework.boot.SpringApplication [reportFailure] - Application run failed
java.lang.AbstractMethodError: null
	at org.springframework.core.OrderComparator.findOrder(OrderComparator.java:142) ~[spring-core-5.0.5.RELEASE.jar:5.0.5.RELEASE]
	at org.springframework.core.annotation.AnnotationAwareOrderComparator.findOrder(AnnotationAwareOrderComparator.java:65) ~[spring-core-5.0.5.RELEASE.jar:5.0.5.RELEASE]
	at org.springframework.core.OrderComparator.getOrder(OrderComparator.java:125) ~[spring-core-5.0.5.RELEASE.jar:5.0.5.RELEASE]
	at org.springframework.core.OrderComparator.getOrder(OrderComparator.java:113) ~[spring-core-5.0.5.RELEASE.jar:5.0.5.RELEASE]
	at org.springframework.core.OrderComparator.doCompare(OrderComparator.java:82) ~[spring-core-5.0.5.RELEASE.jar:5.0.5.RELEASE]
	at org.springframework.core.OrderComparator.compare(OrderComparator.java:68) ~[spring-core-5.0.5.RELEASE.jar:5.0.5.RELEASE]
	at java.util.TimSort.countRunAndMakeAscending(Unknown Source) ~[na:1.8.0_241]
	at java.util.TimSort.sort(Unknown Source) ~[na:1.8.0_241]
	at java.util.Arrays.sort(Unknown Source) ~[na:1.8.0_241]
	at java.util.ArrayList.sort(Unknown Source) ~[na:1.8.0_241]
	at org.springframework.boot.SpringApplication.asUnmodifiableOrderedSet(SpringApplication.java:1322) [spring-boot-2.0.1.RELEASE.jar:2.0.1.RELEASE]
	at org.springframework.boot.SpringApplication.getListeners(SpringApplication.java:1231) [spring-boot-2.0.1.RELEASE.jar:2.0.1.RELEASE]
	at org.springframework.boot.context.event.EventPublishingRunListener.contextLoaded(EventPublishingRunListener.java:85) ~[spring-boot-2.0.1.RELEASE.jar:2.0.1.RELEASE]
	at org.springframework.boot.SpringApplicationRunListeners.contextLoaded(SpringApplicationRunListeners.java:66) ~[spring-boot-2.0.1.RELEASE.jar:2.0.1.RELEASE]
	at org.springframework.boot.SpringApplication.prepareContext(SpringApplication.java:391) [spring-boot-2.0.1.RELEASE.jar:2.0.1.RELEASE]
	at org.springframework.boot.SpringApplication.run(SpringApplication.java:325) [spring-boot-2.0.1.RELEASE.jar:2.0.1.RELEASE]
	at org.springframework.boot.SpringApplication.run(SpringApplication.java:1255) [spring-boot-2.0.1.RELEASE.jar:2.0.1.RELEASE]
	at org.springframework.boot.SpringApplication.run(SpringApplication.java:1243) [spring-boot-2.0.1.RELEASE.jar:2.0.1.RELEASE]
	at com.infosys.irs.InfyGoBootBookingMSApplication.main(InfyGoBootBookingMSApplication.java:14) [classes/:na]
2021-01-29 04:55:00  INFO [main] org.springframework.cloud.config.client.ConfigServicePropertySourceLocator [getRemoteEnvironment] - Fetching config from server at : http://localhost:1111
2021-01-29 04:55:04  INFO [main] org.springframework.cloud.config.client.ConfigServicePropertySourceLocator [log] - Located environment: name=InfyGoBookingMS, profiles=[default], label=null, version=2c1ca539d045a33ccf0c9ab5d2ea7db1ac0c01be, state=null
2021-01-29 04:55:04  INFO [main] org.springframework.cloud.bootstrap.config.PropertySourceBootstrapConfiguration [initialize] - Located property source: CompositePropertySource {name='configService', propertySources=[MapPropertySource {name='configClient'}, MapPropertySource {name='https://github.com/AnnamalaiSathappan/config-server/file:C:\Users\ANNAMA~1\AppData\Local\Temp\config-repo-715480869723174765\InfyGoBookingMS.yml'}, MapPropertySource {name='https://github.com/AnnamalaiSathappan/config-server/file:C:\Users\ANNAMA~1\AppData\Local\Temp\config-repo-715480869723174765\application.yml'}]}
2021-01-29 04:55:05  INFO [main] com.infosys.irs.InfyGoBootBookingMSApplication [logStartupProfileInfo] - No active profile set, falling back to default profiles: default
2021-01-29 04:55:05 ERROR [main] org.springframework.boot.SpringApplication [reportFailure] - Application run failed
java.lang.AbstractMethodError: null
	at org.springframework.core.OrderComparator.findOrder(OrderComparator.java:142) ~[spring-core-5.0.5.RELEASE.jar:5.0.5.RELEASE]
	at org.springframework.core.annotation.AnnotationAwareOrderComparator.findOrder(AnnotationAwareOrderComparator.java:65) ~[spring-core-5.0.5.RELEASE.jar:5.0.5.RELEASE]
	at org.springframework.core.OrderComparator.getOrder(OrderComparator.java:125) ~[spring-core-5.0.5.RELEASE.jar:5.0.5.RELEASE]
	at org.springframework.core.OrderComparator.getOrder(OrderComparator.java:113) ~[spring-core-5.0.5.RELEASE.jar:5.0.5.RELEASE]
	at org.springframework.core.OrderComparator.doCompare(OrderComparator.java:82) ~[spring-core-5.0.5.RELEASE.jar:5.0.5.RELEASE]
	at org.springframework.core.OrderComparator.compare(OrderComparator.java:68) ~[spring-core-5.0.5.RELEASE.jar:5.0.5.RELEASE]
	at java.util.TimSort.countRunAndMakeAscending(Unknown Source) ~[na:1.8.0_241]
	at java.util.TimSort.sort(Unknown Source) ~[na:1.8.0_241]
	at java.util.Arrays.sort(Unknown Source) ~[na:1.8.0_241]
	at java.util.ArrayList.sort(Unknown Source) ~[na:1.8.0_241]
	at org.springframework.boot.SpringApplication.asUnmodifiableOrderedSet(SpringApplication.java:1322) [spring-boot-2.0.1.RELEASE.jar:2.0.1.RELEASE]
	at org.springframework.boot.SpringApplication.getListeners(SpringApplication.java:1231) [spring-boot-2.0.1.RELEASE.jar:2.0.1.RELEASE]
	at org.springframework.boot.context.event.EventPublishingRunListener.contextLoaded(EventPublishingRunListener.java:85) ~[spring-boot-2.0.1.RELEASE.jar:2.0.1.RELEASE]
	at org.springframework.boot.SpringApplicationRunListeners.contextLoaded(SpringApplicationRunListeners.java:66) ~[spring-boot-2.0.1.RELEASE.jar:2.0.1.RELEASE]
	at org.springframework.boot.SpringApplication.prepareContext(SpringApplication.java:391) [spring-boot-2.0.1.RELEASE.jar:2.0.1.RELEASE]
	at org.springframework.boot.SpringApplication.run(SpringApplication.java:325) [spring-boot-2.0.1.RELEASE.jar:2.0.1.RELEASE]
	at org.springframework.boot.SpringApplication.run(SpringApplication.java:1255) [spring-boot-2.0.1.RELEASE.jar:2.0.1.RELEASE]
	at org.springframework.boot.SpringApplication.run(SpringApplication.java:1243) [spring-boot-2.0.1.RELEASE.jar:2.0.1.RELEASE]
	at com.infosys.irs.InfyGoBootBookingMSApplication.main(InfyGoBootBookingMSApplication.java:14) [classes/:na]
